Arguments: 
  /Users/matthewwelch/.nvm/versions/node/v6.11.2/bin/node /usr/local/Cellar/yarn/1.5.1_1/libexec/bin/yarn.js start

PATH: 
  /Users/matthewwelch/.nvm/versions/node/v6.11.2/bin:/Users/matthewwelch/.rvm/gems/ruby-2.3.3/bin:/Users/matthewwelch/.rvm/gems/ruby-2.3.3@global/bin:/Users/matthewwelch/.rvm/rubies/ruby-2.3.3/bin:/Applications/Postgres.app/Contents/Versions/latest/bin:/usr/local:/usr/local/bin:/usr/local/sbin:/usr/bin:/usr/local/bin:/usr/bin:/bin:/usr/sbin:/sbin:/Users/matthewwelch/.rvm/bin

Yarn version: 
  1.5.1

Node version: 
  6.11.2

Platform: 
  darwin x64

npm manifest: 
  No manifest

yarn manifest: 
  No manifest

Lockfile: 
  No lockfile

Trace: 
  Error: Couldn't find a package.json file in "/Users/matthewwelch/Development/musician_app"
      at MessageError.Error (native)
      at new MessageError (/usr/local/Cellar/yarn/1.5.1_1/libexec/lib/cli.js:186:110)
      at /usr/local/Cellar/yarn/1.5.1_1/libexec/lib/cli.js:40048:15
      at next (native)
      at step (/usr/local/Cellar/yarn/1.5.1_1/libexec/lib/cli.js:98:30)
      at /usr/local/Cellar/yarn/1.5.1_1/libexec/lib/cli.js:109:13
